
     Program AVERAGE v.7.3.1 starts on 24May2026 at 21: 2:50 

     This program is part of the open-source Quantum ESPRESSO suite
     for quantum simulation of materials; please cite
         "P. Giannozzi et al., J. Phys.:Condens. Matter 21 395502 (2009);
         "P. Giannozzi et al., J. Phys.:Condens. Matter 29 465901 (2017);
         "P. Giannozzi et al., J. Chem. Phys. 152 154105 (2020);
          URL http://www.quantum-espresso.org", 
     in publications or presentations arising from this work. More details at
     http://www.quantum-espresso.org/quote

     Parallel version (MPI & OpenMP), running on       1 processor cores
     Number of MPI processes:                 1
     Threads/MPI process:                     1

     MPI processes distributed on     1 nodes
     57641 MiB available memory on the printing compute node when the environment starts
 
     Reading header from file  potential_files/snse_mono_potential_C20.pp
     Reading data from file  potential_files/snse_mono_potential_C20.pp
     Output written to file avg.dat
 
     AVERAGE      :      0.15s CPU      0.18s WALL

 
   This run was terminated on:  21: 2:50  24May2026            

=------------------------------------------------------------------------------=
   JOB DONE.
=------------------------------------------------------------------------------=
